Using pre-set license
Built from '2020.3/release' branch; Version is '2020.3.27f1 (e759542391ea) revision 15161684'; Using compiler version '192528614'; Build Type 'Release'
OS: 'Windows 10  (10.0.19044) 64bit Core' Language: 'en' Physical Memory: 32692 MB
BatchMode: 1, IsHumanControllingUs: 0, StartBugReporterOnCrash: 0, Is64bit: 1, IsPro: 0

COMMAND LINE ARGUMENTS:
C:\Program Files\Unity\Hub\Editor\2020.3.27f1\Editor\Unity.exe
-adb2
-batchMode
-noUpm
-name
AssetImportWorker0
-projectPath
C:/Users/Simeon/Documents/GitHub/TAFE/AI-Intro-2022
-logFile
Logs/AssetImportWorker0.log
-srvPort
62141
Successfully changed project path to: C:/Users/Simeon/Documents/GitHub/TAFE/AI-Intro-2022
C:/Users/Simeon/Documents/GitHub/TAFE/AI-Intro-2022
Using Asset Import Pipeline V2.
Refreshing native plugins compatible for Editor in 43.66 ms, found 3 plugins.
Preloading 0 native plugins for Editor in 0.00 ms.
Initialize engine version: 2020.3.27f1 (e759542391ea)
[Subsystems] Discovering subsystems at path C:/Program Files/Unity/Hub/Editor/2020.3.27f1/Editor/Data/Resources/UnitySubsystems
[Subsystems] Discovering subsystems at path C:/Users/Simeon/Documents/GitHub/TAFE/AI-Intro-2022/Assets
GfxDevice: creating device client; threaded=0
Direct3D:
    Version:  Direct3D 11.0 [level 11.1]
    Renderer: NVIDIA GeForce RTX 2060 (ID=0x1e89)
    Vendor:   
    VRAM:     5967 MB
    Driver:   30.0.14.7111
Initialize mono
Mono path[0] = 'C:/Program Files/Unity/Hub/Editor/2020.3.27f1/Editor/Data/Managed'
Mono path[1] = 'C:/Program Files/Unity/Hub/Editor/2020.3.27f1/Editor/Data/MonoBleedingEdge/lib/mono/unityjit'
Mono config path = 'C:/Program Files/Unity/Hub/Editor/2020.3.27f1/Editor/Data/MonoBleedingEdge/etc'
Using monoOptions --debugger-agent=transport=dt_socket,embedding=1,server=y,suspend=n,address=127.0.0.1:56684
Begin MonoManager ReloadAssembly
Registering precompiled unity dll's ...
Register platform support module: C:/Program Files/Unity/Hub/Editor/2020.3.27f1/Editor/Data/PlaybackEngines/WindowsStandaloneSupport/UnityEditor.WindowsStandalone.Extensions.dll
Registered in 0.002161 seconds.
Native extension for WindowsStandalone target not found
Refreshing native plugins compatible for Editor in 42.99 ms, found 3 plugins.
Preloading 0 native plugins for Editor in 0.00 ms.
Mono: successfully reloaded assembly
- Completed reload, in  0.515 seconds
Domain Reload Profiling:
	ReloadAssembly (515ms)
		BeginReloadAssembly (57ms)
			ExecutionOrderSort (0ms)
			DisableScriptedObjects (0ms)
			BackupInstance (0ms)
			ReleaseScriptingObjects (0ms)
			CreateAndSetChildDomain (1ms)
		EndReloadAssembly (394ms)
			LoadAssemblies (54ms)
			RebuildTransferFunctionScriptingTraits (0ms)
			SetupTypeCache (122ms)
			ReleaseScriptCaches (0ms)
			RebuildScriptCaches (32ms)
			SetupLoadedEditorAssemblies (157ms)
				LogAssemblyErrors (0ms)
				InitializePlatformSupportModulesInManaged (4ms)
				SetLoadedEditorAssemblies (0ms)
				RefreshPlugins (43ms)
				BeforeProcessingInitializeOnLoad (14ms)
				ProcessInitializeOnLoadAttributes (71ms)
				ProcessInitializeOnLoadMethodAttributes (24ms)
				AfterProcessingInitializeOnLoad (0ms)
				EditorAssembliesLoaded (0ms)
			ExecutionOrderSort2 (0ms)
			AwakeInstancesAfterBackupRestoration (0ms)
Platform modules already initialized, skipping
Registering precompiled user dll's ...
Registered in 0.004648 seconds.
Begin MonoManager ReloadAssembly
Native extension for WindowsStandalone target not found
Refreshing native plugins compatible for Editor in 42.45 ms, found 3 plugins.
Preloading 0 native plugins for Editor in 0.00 ms.
Mono: successfully reloaded assembly
- Completed reload, in  1.005 seconds
Domain Reload Profiling:
	ReloadAssembly (1006ms)
		BeginReloadAssembly (131ms)
			ExecutionOrderSort (0ms)
			DisableScriptedObjects (4ms)
			BackupInstance (0ms)
			ReleaseScriptingObjects (0ms)
			CreateAndSetChildDomain (17ms)
		EndReloadAssembly (820ms)
			LoadAssemblies (85ms)
			RebuildTransferFunctionScriptingTraits (0ms)
			SetupTypeCache (250ms)
			ReleaseScriptCaches (0ms)
			RebuildScriptCaches (56ms)
			SetupLoadedEditorAssemblies (328ms)
				LogAssemblyErrors (0ms)
				InitializePlatformSupportModulesInManaged (4ms)
				SetLoadedEditorAssemblies (0ms)
				RefreshPlugins (43ms)
				BeforeProcessingInitializeOnLoad (83ms)
				ProcessInitializeOnLoadAttributes (177ms)
				ProcessInitializeOnLoadMethodAttributes (14ms)
				AfterProcessingInitializeOnLoad (7ms)
				EditorAssembliesLoaded (0ms)
			ExecutionOrderSort2 (0ms)
			AwakeInstancesAfterBackupRestoration (6ms)
Platform modules already initialized, skipping
========================================================================
Worker process is ready to serve import requests
Launched and connected shader compiler UnityShaderCompiler.exe after 0.04 seconds
Refreshing native plugins compatible for Editor in 0.49 ms, found 3 plugins.
Preloading 0 native plugins for Editor in 0.00 ms.
Unloading 2203 Unused Serialized files (Serialized files now loaded: 0)
System memory in use before: 96.2 MB.
System memory in use after: 96.1 MB.

Unloading 34 unused Assets to reduce memory usage. Loaded Objects now: 2632.
Total: 2.823900 ms (FindLiveObjects: 0.176300 ms CreateObjectMapping: 0.051300 ms MarkObjects: 2.486200 ms  DeleteObjects: 0.109200 ms)

AssetImportParameters requested are different than current active one (requested -> active):
  custom:framework-win-MediaFoundation: 216162199b28c13a410421893ffa2e32 -> 
  custom:video-decoder-ogg-theora: a1e56fd34408186e4bbccfd4996cb3dc -> 
  custom:container-muxer-webm: aa71ff27fc2769a1b78a27578f13a17b -> 
  custom:container-demuxer-webm: 4f35f7cbe854078d1ac9338744f61a02 -> 
  custom:container-demuxer-ogg: 62fdf1f143b41e24485cea50d1cbac27 -> 
  custom:video-encoder-webm-vp8: eb34c28f22e8b96e1ab97ce403110664 -> 
  custom:video-decoder-webm-vp8: 9c59270c3fd7afecdb556c50c9e8de78 -> 
  custom:audio-decoder-ogg-vorbis: bf7c407c2cedff20999df2af8eb42d56 -> 
  custom:audio-encoder-webm-vorbis: bf7c407c2cedff20999df2af8eb42d56 -> 
========================================================================
Received Import Request.
  path: Assets/Sprites/Kenney/kenney_pixelshmup/Ships
  artifactKey: Guid(c9495af03442dc24d8394167665a0448) Importer(815301076,1909f56bfc062723c751e8b465ee728b)
Start importing Assets/Sprites/Kenney/kenney_pixelshmup/Ships using Guid(c9495af03442dc24d8394167665a0448) Importer(815301076,1909f56bfc062723c751e8b465ee728b)  -> (artifact id: '28625e434d1dc350a0c72407f729c3fc') in 0.008676 seconds 
  Import took 0.011738 seconds .

========================================================================
Received Import Request.
  Time since last request: 0.116346 seconds.
  path: Assets/Scenes/TileScene.unity
  artifactKey: Guid(6a8035dad8adcfc42a784d5f62a4f395) Importer(815301076,1909f56bfc062723c751e8b465ee728b)
Start importing Assets/Scenes/TileScene.unity using Guid(6a8035dad8adcfc42a784d5f62a4f395) Importer(815301076,1909f56bfc062723c751e8b465ee728b)  -> (artifact id: '068a84ed31aa393b7a60065ba9e6c22f') in 0.014653 seconds 
  Import took 0.017744 seconds .

========================================================================
Received Import Request.
  Time since last request: 0.048445 seconds.
  path: Assets/Scripts/AIManager.cs
  artifactKey: Guid(1c1405aa6d0b9a34f8cca451b05cbfb7) Importer(815301076,1909f56bfc062723c751e8b465ee728b)
Start importing Assets/Scripts/AIManager.cs using Guid(1c1405aa6d0b9a34f8cca451b05cbfb7) Importer(815301076,1909f56bfc062723c751e8b465ee728b)  -> (artifact id: '49e214c1a0ac8553997bc2d6a7102b5d') in 0.018063 seconds 
  Import took 0.021009 seconds .

========================================================================
Received Import Request.
  Time since last request: 0.004662 seconds.
  path: Assets/Scenes/SampleScene.unity
  artifactKey: Guid(2cda990e2423bbf4892e6590ba056729) Importer(815301076,1909f56bfc062723c751e8b465ee728b)
Start importing Assets/Scenes/SampleScene.unity using Guid(2cda990e2423bbf4892e6590ba056729) Importer(815301076,1909f56bfc062723c751e8b465ee728b)  -> (artifact id: 'b44a89878f6e3fe241ed0aa9274c123e') in 0.005177 seconds 
  Import took 0.008300 seconds .

========================================================================
Received Import Request.
  Time since last request: 0.067373 seconds.
  path: Assets/Sprites/Kenney/kenney_pixelshmup/Visit Kenney.url
  artifactKey: Guid(b0dc93f36bae1c047831096b337e0d2c) Importer(815301076,1909f56bfc062723c751e8b465ee728b)
Start importing Assets/Sprites/Kenney/kenney_pixelshmup/Visit Kenney.url using Guid(b0dc93f36bae1c047831096b337e0d2c) Importer(815301076,1909f56bfc062723c751e8b465ee728b)  -> (artifact id: '2cd19048cbc66ccaa05c9fc40c0f6da6') in 0.027966 seconds 
  Import took 0.030833 seconds .

========================================================================
Received Import Request.
  Time since last request: 0.032454 seconds.
  path: Assets/Sprites/Kenney/kenney_pixelshmup/License.txt
  artifactKey: Guid(ea30599d804d507428758bd3fd61a7ee) Importer(815301076,1909f56bfc062723c751e8b465ee728b)
Start importing Assets/Sprites/Kenney/kenney_pixelshmup/License.txt using Guid(ea30599d804d507428758bd3fd61a7ee) Importer(815301076,1909f56bfc062723c751e8b465ee728b)  -> (artifact id: '27724fa214e412d3dbc5e7e173d51e10') in 0.008061 seconds 
  Import took 0.011010 seconds .

========================================================================
Received Import Request.
  Time since last request: 0.182730 seconds.
  path: Assets/Sprites/Kenney/kenney_pixelshmup/Tilemap/tiles/tiles_packed_119 1.asset
  artifactKey: Guid(49d058b01c1b07a498727fb94ab272ee) Importer(815301076,1909f56bfc062723c751e8b465ee728b)
Start importing Assets/Sprites/Kenney/kenney_pixelshmup/Tilemap/tiles/tiles_packed_119 1.asset using Guid(49d058b01c1b07a498727fb94ab272ee) Importer(815301076,1909f56bfc062723c751e8b465ee728b)  -> (artifact id: '5001259a6b6657f2ae101b9dfcecc49b') in 0.046456 seconds 
  Import took 0.049513 seconds .

========================================================================
Received Import Request.
  Time since last request: 0.097666 seconds.
  path: Assets/Scripts/BaseManager.cs
  artifactKey: Guid(fa1faa376dbda4243adf27122d6194c3) Importer(815301076,1909f56bfc062723c751e8b465ee728b)
Start importing Assets/Scripts/BaseManager.cs using Guid(fa1faa376dbda4243adf27122d6194c3) Importer(815301076,1909f56bfc062723c751e8b465ee728b)  -> (artifact id: '098705e3c9f6aa95e7c1b247fa32ea6a') in 0.004684 seconds 
  Import took 0.007587 seconds .

========================================================================
Received Import Request.
  Time since last request: 0.147603 seconds.
  path: Assets/Sprites/Kenney/kenney_pixelshmup/Visit Patreon.url
  artifactKey: Guid(8e4ffaf33219a4b43be051edb6752c88) Importer(815301076,1909f56bfc062723c751e8b465ee728b)
Start importing Assets/Sprites/Kenney/kenney_pixelshmup/Visit Patreon.url using Guid(8e4ffaf33219a4b43be051edb6752c88) Importer(815301076,1909f56bfc062723c751e8b465ee728b)  -> (artifact id: 'f90d2115cab99b3d4f2de53f8ea12da3') in 0.005130 seconds 
  Import took 0.008114 seconds .

========================================================================
Received Import Request.
  Time since last request: 0.369547 seconds.
  path: Assets/Scripts/PlayerManager.cs
  artifactKey: Guid(09b97c2e02d82b34c84aa00bb812bc46) Importer(815301076,1909f56bfc062723c751e8b465ee728b)
Start importing Assets/Scripts/PlayerManager.cs using Guid(09b97c2e02d82b34c84aa00bb812bc46) Importer(815301076,1909f56bfc062723c751e8b465ee728b)  -> (artifact id: 'e56779d8549e2b56c2260c22ff16f2e4') in 0.005123 seconds 
  Import took 0.008154 seconds .

========================================================================
Received Import Request.
  Time since last request: 0.094184 seconds.
  path: Assets/Scripts/AIMovement.cs
  artifactKey: Guid(265e7ab8fa9352e48ae1e9c0d28ee9ae) Importer(815301076,1909f56bfc062723c751e8b465ee728b)
Start importing Assets/Scripts/AIMovement.cs using Guid(265e7ab8fa9352e48ae1e9c0d28ee9ae) Importer(815301076,1909f56bfc062723c751e8b465ee728b)  -> (artifact id: '8c9fb2d14af0724749f3160dcc780e73') in 0.004488 seconds 
  Import took 0.007313 seconds .

========================================================================
Received Import Request.
  Time since last request: 0.249529 seconds.
  path: Assets/Sprites/Kenney/kenney_pixelshmup/Tilesheet (Ships).txt
  artifactKey: Guid(60b1ee12604fa17419161ba9ad68e91a) Importer(815301076,1909f56bfc062723c751e8b465ee728b)
Start importing Assets/Sprites/Kenney/kenney_pixelshmup/Tilesheet (Ships).txt using Guid(60b1ee12604fa17419161ba9ad68e91a) Importer(815301076,1909f56bfc062723c751e8b465ee728b)  -> (artifact id: '18e2694cb65f6570b2be8b086b1e79f4') in 0.005204 seconds 
  Import took 0.008145 seconds .

========================================================================
Received Import Request.
  Time since last request: 0.125373 seconds.
  path: Assets/Sprites/Kenney/kenney_pixelshmup/Tilemap/tiles/tiles_packed_118 1.asset
  artifactKey: Guid(d704b508ee3e31043afbab44258a0688) Importer(815301076,1909f56bfc062723c751e8b465ee728b)
Start importing Assets/Sprites/Kenney/kenney_pixelshmup/Tilemap/tiles/tiles_packed_118 1.asset using Guid(d704b508ee3e31043afbab44258a0688) Importer(815301076,1909f56bfc062723c751e8b465ee728b)  -> (artifact id: '124d7d2ca4d50af8b719496ea5163529') in 0.008426 seconds 
  Import took 0.011357 seconds .

========================================================================
Received Import Request.
  Time since last request: 0.183600 seconds.
  path: Assets/Scripts/StateMachine.cs
  artifactKey: Guid(2ec3aefc150576b458939a60ccecdda3) Importer(815301076,1909f56bfc062723c751e8b465ee728b)
Start importing Assets/Scripts/StateMachine.cs using Guid(2ec3aefc150576b458939a60ccecdda3) Importer(815301076,1909f56bfc062723c751e8b465ee728b)  -> (artifact id: '6c772cd7f244910818409aedcb49b8a8') in 0.004668 seconds 
  Import took 0.007549 seconds .

========================================================================
Received Import Request.
  Time since last request: 0.252692 seconds.
  path: Assets/Sprites/Kenney/kenney_pixelshmup/Tilesheet (Tiles).txt
  artifactKey: Guid(fe3b5f1af46aaf84dbab8c6f90e68acc) Importer(815301076,1909f56bfc062723c751e8b465ee728b)
Start importing Assets/Sprites/Kenney/kenney_pixelshmup/Tilesheet (Tiles).txt using Guid(fe3b5f1af46aaf84dbab8c6f90e68acc) Importer(815301076,1909f56bfc062723c751e8b465ee728b)  -> (artifact id: 'fbcf879557f838e956cd81be86eee6be') in 0.005516 seconds 
  Import took 0.008505 seconds .

AssetImportWorkerClient::OnTransportError - code=2 error=End of file
